{
"/home/thailana/Documents/Projetos/testesApp/angular-seed-org/dist/dev/app/system-config.js":{"path":"/home/thailana/Documents/Projetos/testesApp/angular-seed-org/dist/dev/app/system-config.js","s":{"1":1},"b":{},"f":{},"fnMap":{},"statementMap":{"1":{"start":{"line":1,"column":0},"end":{"line":1,"column":1950}}},"branchMap":{},"l":{"1":1}},
"/home/thailana/Documents/Projetos/testesApp/angular-seed-org/dist/dev/app/home/home.component.js":{"path":"/home/thailana/Documents/Projetos/testesApp/angular-seed-org/dist/dev/app/home/home.component.js","s":{"1":1,"2":1,"3":1,"4":0,"5":1,"6":2,"7":2,"8":1,"9":1,"10":1,"11":1,"12":1,"13":1,"14":1,"15":1,"16":1,"17":0,"18":0,"19":0,"20":1,"21":0,"22":1,"23":0,"24":0,"25":0,"26":1,"27":0,"28":0,"29":0,"30":1,"31":1,"32":1},"b":{"1":[1,1,1],"2":[1,0],"3":[0,0],"4":[0,1],"5":[1,1],"6":[2,0],"7":[2,1],"8":[2,0],"9":[0,0],"10":[1,0,0],"11":[1,1,1],"12":[1,0],"13":[1,1]},"f":{"1":1,"2":1,"3":1,"4":0,"5":0,"6":0,"7":0,"8":0,"9":0},"fnMap":{"1":{"name":"(anonymous_1)","line":2,"loc":{"start":{"line":2,"column":46},"end":{"line":2,"column":87}}},"2":{"name":"(anonymous_2)","line":8,"loc":{"start":{"line":8,"column":46},"end":{"line":8,"column":62}}},"3":{"name":"(anonymous_3)","line":14,"loc":{"start":{"line":14,"column":21},"end":{"line":14,"column":33}}},"4":{"name":"HomeComponent","line":15,"loc":{"start":{"line":15,"column":4},"end":{"line":15,"column":40}}},"5":{"name":"(anonymous_5)","line":20,"loc":{"start":{"line":20,"column":39},"end":{"line":20,"column":51}}},"6":{"name":"(anonymous_6)","line":23,"loc":{"start":{"line":23,"column":41},"end":{"line":23,"column":55}}},"7":{"name":"(anonymous_7)","line":25,"loc":{"start":{"line":25,"column":46},"end":{"line":25,"column":58}}},"8":{"name":"(anonymous_8)","line":27,"loc":{"start":{"line":27,"column":43},"end":{"line":27,"column":55}}},"9":{"name":"(anonymous_9)","line":29,"loc":{"start":{"line":29,"column":44},"end":{"line":29,"column":61}}}},"statementMap":{"1":{"start":{"line":2,"column":0},"end":{"line":7,"column":2}},"2":{"start":{"line":3,"column":4},"end":{"line":3,"column":129}},"3":{"start":{"line":4,"column":4},"end":{"line":5,"column":150}},"4":{"start":{"line":4,"column":79},"end":{"line":4,"column":131}},"5":{"start":{"line":5,"column":9},"end":{"line":5,"column":150}},"6":{"start":{"line":5,"column":58},"end":{"line":5,"column":150}},"7":{"start":{"line":5,"column":81},"end":{"line":5,"column":150}},"8":{"start":{"line":6,"column":4},"end":{"line":6,"column":66}},"9":{"start":{"line":8,"column":0},"end":{"line":10,"column":2}},"10":{"start":{"line":9,"column":4},"end":{"line":9,"column":109}},"11":{"start":{"line":9,"column":79},"end":{"line":9,"column":109}},"12":{"start":{"line":11,"column":0},"end":{"line":11,"column":62}},"13":{"start":{"line":12,"column":0},"end":{"line":12,"column":38}},"14":{"start":{"line":13,"column":0},"end":{"line":13,"column":53}},"15":{"start":{"line":14,"column":0},"end":{"line":32,"column":5}},"16":{"start":{"line":15,"column":4},"end":{"line":19,"column":5}},"17":{"start":{"line":16,"column":8},"end":{"line":16,"column":39}},"18":{"start":{"line":17,"column":8},"end":{"line":17,"column":24}},"19":{"start":{"line":18,"column":8},"end":{"line":18,"column":75}},"20":{"start":{"line":20,"column":4},"end":{"line":22,"column":6}},"21":{"start":{"line":21,"column":8},"end":{"line":21,"column":28}},"22":{"start":{"line":23,"column":4},"end":{"line":26,"column":6}},"23":{"start":{"line":24,"column":8},"end":{"line":24,"column":25}},"24":{"start":{"line":25,"column":8},"end":{"line":25,"column":85}},"25":{"start":{"line":25,"column":60},"end":{"line":25,"column":81}},"26":{"start":{"line":27,"column":4},"end":{"line":30,"column":6}},"27":{"start":{"line":28,"column":8},"end":{"line":28,"column":25}},"28":{"start":{"line":29,"column":8},"end":{"line":29,"column":87}},"29":{"start":{"line":29,"column":63},"end":{"line":29,"column":83}},"30":{"start":{"line":31,"column":4},"end":{"line":31,"column":25}},"31":{"start":{"line":33,"column":0},"end":{"line":39,"column":18}},"32":{"start":{"line":40,"column":0},"end":{"line":40,"column":38}}},"branchMap":{"1":{"line":2,"type":"binary-expr","locations":[{"start":{"line":2,"column":18},"end":{"line":2,"column":22}},{"start":{"line":2,"column":26},"end":{"line":2,"column":41}},{"start":{"line":2,"column":46},"end":{"line":7,"column":1}}]},"2":{"line":3,"type":"cond-expr","locations":[{"start":{"line":3,"column":42},"end":{"line":3,"column":48}},{"start":{"line":3,"column":51},"end":{"line":3,"column":125}}]},"3":{"line":3,"type":"cond-expr","locations":[{"start":{"line":3,"column":67},"end":{"line":3,"column":118}},{"start":{"line":3,"column":121},"end":{"line":3,"column":125}}]},"4":{"line":4,"type":"if","locations":[{"start":{"line":4,"column":4},"end":{"line":4,"column":4}},{"start":{"line":4,"column":4},"end":{"line":4,"column":4}}]},"5":{"line":4,"type":"binary-expr","locations":[{"start":{"line":4,"column":8},"end":{"line":4,"column":35}},{"start":{"line":4,"column":39},"end":{"line":4,"column":77}}]},"6":{"line":5,"type":"if","locations":[{"start":{"line":5,"column":58},"end":{"line":5,"column":58}},{"start":{"line":5,"column":58},"end":{"line":5,"column":58}}]},"7":{"line":5,"type":"binary-expr","locations":[{"start":{"line":5,"column":86},"end":{"line":5,"column":143}},{"start":{"line":5,"column":148},"end":{"line":5,"column":149}}]},"8":{"line":5,"type":"cond-expr","locations":[{"start":{"line":5,"column":94},"end":{"line":5,"column":98}},{"start":{"line":5,"column":101},"end":{"line":5,"column":143}}]},"9":{"line":5,"type":"cond-expr","locations":[{"start":{"line":5,"column":109},"end":{"line":5,"column":126}},{"start":{"line":5,"column":129},"end":{"line":5,"column":143}}]},"10":{"line":6,"type":"binary-expr","locations":[{"start":{"line":6,"column":11},"end":{"line":6,"column":16}},{"start":{"line":6,"column":20},"end":{"line":6,"column":21}},{"start":{"line":6,"column":25},"end":{"line":6,"column":62}}]},"11":{"line":8,"type":"binary-expr","locations":[{"start":{"line":8,"column":18},"end":{"line":8,"column":22}},{"start":{"line":8,"column":26},"end":{"line":8,"column":41}},{"start":{"line":8,"column":46},"end":{"line":10,"column":1}}]},"12":{"line":9,"type":"if","locations":[{"start":{"line":9,"column":4},"end":{"line":9,"column":4}},{"start":{"line":9,"column":4},"end":{"line":9,"column":4}}]},"13":{"line":9,"type":"binary-expr","locations":[{"start":{"line":9,"column":8},"end":{"line":9,"column":35}},{"start":{"line":9,"column":39},"end":{"line":9,"column":77}}]}},"l":{"2":1,"3":1,"4":1,"5":2,"6":1,"8":1,"9":1,"11":1,"12":1,"13":1,"14":1,"15":1,"16":0,"17":0,"18":0,"20":1,"21":0,"23":1,"24":0,"25":0,"27":1,"28":0,"29":0,"31":1,"33":1,"40":1}},
"/home/thailana/Documents/Projetos/testesApp/angular-seed-org/dist/dev/app/user/user.service.js":{"path":"/home/thailana/Documents/Projetos/testesApp/angular-seed-org/dist/dev/app/user/user.service.js","s":{"1":1,"2":1,"3":1,"4":0,"5":1,"6":2,"7":2,"8":1,"9":1,"10":1,"11":1,"12":1,"13":1,"14":1,"15":1,"16":1,"17":0,"18":1,"19":0,"20":0,"21":1,"22":0,"23":0,"24":1,"25":0,"26":0,"27":1,"28":0,"29":0,"30":1,"31":0,"32":0,"33":1,"34":0,"35":0,"36":0,"37":0,"38":0,"39":1,"40":1,"41":1},"b":{"1":[1,1,1],"2":[1,0],"3":[0,0],"4":[0,1],"5":[1,1],"6":[2,0],"7":[2,1],"8":[2,0],"9":[0,0],"10":[1,0,0],"11":[1,1,1],"12":[1,0],"13":[1,1],"14":[0,0],"15":[0,0]},"f":{"1":1,"2":1,"3":1,"4":0,"5":0,"6":0,"7":0,"8":0,"9":0,"10":0,"11":0,"12":0,"13":0,"14":0,"15":0},"fnMap":{"1":{"name":"(anonymous_1)","line":2,"loc":{"start":{"line":2,"column":46},"end":{"line":2,"column":87}}},"2":{"name":"(anonymous_2)","line":8,"loc":{"start":{"line":8,"column":46},"end":{"line":8,"column":62}}},"3":{"name":"(anonymous_3)","line":14,"loc":{"start":{"line":14,"column":19},"end":{"line":14,"column":31}}},"4":{"name":"UserService","line":15,"loc":{"start":{"line":15,"column":4},"end":{"line":15,"column":31}}},"5":{"name":"(anonymous_5)","line":18,"loc":{"start":{"line":18,"column":35},"end":{"line":18,"column":47}}},"6":{"name":"(anonymous_6)","line":22,"loc":{"start":{"line":22,"column":17},"end":{"line":22,"column":37}}},"7":{"name":"(anonymous_7)","line":24,"loc":{"start":{"line":24,"column":36},"end":{"line":24,"column":50}}},"8":{"name":"(anonymous_8)","line":28,"loc":{"start":{"line":28,"column":17},"end":{"line":28,"column":37}}},"9":{"name":"(anonymous_9)","line":30,"loc":{"start":{"line":30,"column":35},"end":{"line":30,"column":51}}},"10":{"name":"(anonymous_10)","line":34,"loc":{"start":{"line":34,"column":17},"end":{"line":34,"column":37}}},"11":{"name":"(anonymous_11)","line":36,"loc":{"start":{"line":36,"column":35},"end":{"line":36,"column":51}}},"12":{"name":"(anonymous_12)","line":40,"loc":{"start":{"line":40,"column":17},"end":{"line":40,"column":37}}},"13":{"name":"(anonymous_13)","line":42,"loc":{"start":{"line":42,"column":35},"end":{"line":42,"column":49}}},"14":{"name":"(anonymous_14)","line":46,"loc":{"start":{"line":46,"column":17},"end":{"line":46,"column":37}}},"15":{"name":"(anonymous_15)","line":48,"loc":{"start":{"line":48,"column":32},"end":{"line":48,"column":44}}}},"statementMap":{"1":{"start":{"line":2,"column":0},"end":{"line":7,"column":2}},"2":{"start":{"line":3,"column":4},"end":{"line":3,"column":129}},"3":{"start":{"line":4,"column":4},"end":{"line":5,"column":150}},"4":{"start":{"line":4,"column":79},"end":{"line":4,"column":131}},"5":{"start":{"line":5,"column":9},"end":{"line":5,"column":150}},"6":{"start":{"line":5,"column":58},"end":{"line":5,"column":150}},"7":{"start":{"line":5,"column":81},"end":{"line":5,"column":150}},"8":{"start":{"line":6,"column":4},"end":{"line":6,"column":66}},"9":{"start":{"line":8,"column":0},"end":{"line":10,"column":2}},"10":{"start":{"line":9,"column":4},"end":{"line":9,"column":109}},"11":{"start":{"line":9,"column":79},"end":{"line":9,"column":109}},"12":{"start":{"line":11,"column":0},"end":{"line":11,"column":62}},"13":{"start":{"line":12,"column":0},"end":{"line":12,"column":38}},"14":{"start":{"line":13,"column":0},"end":{"line":13,"column":38}},"15":{"start":{"line":14,"column":0},"end":{"line":61,"column":5}},"16":{"start":{"line":15,"column":4},"end":{"line":17,"column":5}},"17":{"start":{"line":16,"column":8},"end":{"line":16,"column":25}},"18":{"start":{"line":18,"column":4},"end":{"line":23,"column":6}},"19":{"start":{"line":19,"column":8},"end":{"line":22,"column":66}},"20":{"start":{"line":22,"column":39},"end":{"line":22,"column":62}},"21":{"start":{"line":24,"column":4},"end":{"line":29,"column":6}},"22":{"start":{"line":25,"column":8},"end":{"line":28,"column":66}},"23":{"start":{"line":28,"column":39},"end":{"line":28,"column":62}},"24":{"start":{"line":30,"column":4},"end":{"line":35,"column":6}},"25":{"start":{"line":31,"column":8},"end":{"line":34,"column":66}},"26":{"start":{"line":34,"column":39},"end":{"line":34,"column":62}},"27":{"start":{"line":36,"column":4},"end":{"line":41,"column":6}},"28":{"start":{"line":37,"column":8},"end":{"line":40,"column":66}},"29":{"start":{"line":40,"column":39},"end":{"line":40,"column":62}},"30":{"start":{"line":42,"column":4},"end":{"line":47,"column":6}},"31":{"start":{"line":43,"column":8},"end":{"line":46,"column":66}},"32":{"start":{"line":46,"column":39},"end":{"line":46,"column":62}},"33":{"start":{"line":48,"column":4},"end":{"line":59,"column":6}},"34":{"start":{"line":49,"column":8},"end":{"line":49,"column":74}},"35":{"start":{"line":50,"column":8},"end":{"line":58,"column":9}},"36":{"start":{"line":51,"column":12},"end":{"line":53,"column":15}},"37":{"start":{"line":54,"column":12},"end":{"line":54,"column":67}},"38":{"start":{"line":57,"column":12},"end":{"line":57,"column":24}},"39":{"start":{"line":60,"column":4},"end":{"line":60,"column":23}},"40":{"start":{"line":62,"column":0},"end":{"line":65,"column":16}},"41":{"start":{"line":66,"column":0},"end":{"line":66,"column":34}}},"branchMap":{"1":{"line":2,"type":"binary-expr","locations":[{"start":{"line":2,"column":18},"end":{"line":2,"column":22}},{"start":{"line":2,"column":26},"end":{"line":2,"column":41}},{"start":{"line":2,"column":46},"end":{"line":7,"column":1}}]},"2":{"line":3,"type":"cond-expr","locations":[{"start":{"line":3,"column":42},"end":{"line":3,"column":48}},{"start":{"line":3,"column":51},"end":{"line":3,"column":125}}]},"3":{"line":3,"type":"cond-expr","locations":[{"start":{"line":3,"column":67},"end":{"line":3,"column":118}},{"start":{"line":3,"column":121},"end":{"line":3,"column":125}}]},"4":{"line":4,"type":"if","locations":[{"start":{"line":4,"column":4},"end":{"line":4,"column":4}},{"start":{"line":4,"column":4},"end":{"line":4,"column":4}}]},"5":{"line":4,"type":"binary-expr","locations":[{"start":{"line":4,"column":8},"end":{"line":4,"column":35}},{"start":{"line":4,"column":39},"end":{"line":4,"column":77}}]},"6":{"line":5,"type":"if","locations":[{"start":{"line":5,"column":58},"end":{"line":5,"column":58}},{"start":{"line":5,"column":58},"end":{"line":5,"column":58}}]},"7":{"line":5,"type":"binary-expr","locations":[{"start":{"line":5,"column":86},"end":{"line":5,"column":143}},{"start":{"line":5,"column":148},"end":{"line":5,"column":149}}]},"8":{"line":5,"type":"cond-expr","locations":[{"start":{"line":5,"column":94},"end":{"line":5,"column":98}},{"start":{"line":5,"column":101},"end":{"line":5,"column":143}}]},"9":{"line":5,"type":"cond-expr","locations":[{"start":{"line":5,"column":109},"end":{"line":5,"column":126}},{"start":{"line":5,"column":129},"end":{"line":5,"column":143}}]},"10":{"line":6,"type":"binary-expr","locations":[{"start":{"line":6,"column":11},"end":{"line":6,"column":16}},{"start":{"line":6,"column":20},"end":{"line":6,"column":21}},{"start":{"line":6,"column":25},"end":{"line":6,"column":62}}]},"11":{"line":8,"type":"binary-expr","locations":[{"start":{"line":8,"column":18},"end":{"line":8,"column":22}},{"start":{"line":8,"column":26},"end":{"line":8,"column":41}},{"start":{"line":8,"column":46},"end":{"line":10,"column":1}}]},"12":{"line":9,"type":"if","locations":[{"start":{"line":9,"column":4},"end":{"line":9,"column":4}},{"start":{"line":9,"column":4},"end":{"line":9,"column":4}}]},"13":{"line":9,"type":"binary-expr","locations":[{"start":{"line":9,"column":8},"end":{"line":9,"column":35}},{"start":{"line":9,"column":39},"end":{"line":9,"column":77}}]},"14":{"line":50,"type":"if","locations":[{"start":{"line":50,"column":8},"end":{"line":50,"column":8}},{"start":{"line":50,"column":8},"end":{"line":50,"column":8}}]},"15":{"line":50,"type":"binary-expr","locations":[{"start":{"line":50,"column":12},"end":{"line":50,"column":23}},{"start":{"line":50,"column":27},"end":{"line":50,"column":44}}]}},"l":{"2":1,"3":1,"4":1,"5":2,"6":1,"8":1,"9":1,"11":1,"12":1,"13":1,"14":1,"15":1,"16":0,"18":1,"19":0,"22":0,"24":1,"25":0,"28":0,"30":1,"31":0,"34":0,"36":1,"37":0,"40":0,"42":1,"43":0,"46":0,"48":1,"49":0,"50":0,"51":0,"54":0,"57":0,"60":1,"62":1,"66":1}},
"/home/thailana/Documents/Projetos/testesApp/angular-seed-org/dist/dev/app/shared/name-list/name-list.service.js":{"path":"/home/thailana/Documents/Projetos/testesApp/angular-seed-org/dist/dev/app/shared/name-list/name-list.service.js","s":{"1":1,"2":1,"3":1,"4":0,"5":1,"6":2,"7":2,"8":1,"9":1,"10":1,"11":1,"12":1,"13":1,"14":1,"15":1,"16":1,"17":1,"18":2,"19":1,"20":2,"21":1,"22":1,"23":0,"24":0,"25":0,"26":1,"27":1,"28":1},"b":{"1":[1,1,1],"2":[1,0],"3":[0,0],"4":[0,1],"5":[1,1],"6":[2,0],"7":[2,1],"8":[2,0],"9":[0,0],"10":[1,0,0],"11":[1,1,1],"12":[1,0],"13":[1,1],"14":[0,0],"15":[0,0]},"f":{"1":1,"2":1,"3":1,"4":2,"5":2,"6":1,"7":0},"fnMap":{"1":{"name":"(anonymous_1)","line":2,"loc":{"start":{"line":2,"column":46},"end":{"line":2,"column":87}}},"2":{"name":"(anonymous_2)","line":8,"loc":{"start":{"line":8,"column":46},"end":{"line":8,"column":62}}},"3":{"name":"(anonymous_3)","line":15,"loc":{"start":{"line":15,"column":23},"end":{"line":15,"column":35}}},"4":{"name":"NameListService","line":16,"loc":{"start":{"line":16,"column":4},"end":{"line":16,"column":35}}},"5":{"name":"(anonymous_5)","line":19,"loc":{"start":{"line":19,"column":36},"end":{"line":19,"column":48}}},"6":{"name":"(anonymous_6)","line":21,"loc":{"start":{"line":21,"column":17},"end":{"line":21,"column":32}}},"7":{"name":"(anonymous_7)","line":24,"loc":{"start":{"line":24,"column":44},"end":{"line":24,"column":61}}}},"statementMap":{"1":{"start":{"line":2,"column":0},"end":{"line":7,"column":2}},"2":{"start":{"line":3,"column":4},"end":{"line":3,"column":129}},"3":{"start":{"line":4,"column":4},"end":{"line":5,"column":150}},"4":{"start":{"line":4,"column":79},"end":{"line":4,"column":131}},"5":{"start":{"line":5,"column":9},"end":{"line":5,"column":150}},"6":{"start":{"line":5,"column":58},"end":{"line":5,"column":150}},"7":{"start":{"line":5,"column":81},"end":{"line":5,"column":150}},"8":{"start":{"line":6,"column":4},"end":{"line":6,"column":66}},"9":{"start":{"line":8,"column":0},"end":{"line":10,"column":2}},"10":{"start":{"line":9,"column":4},"end":{"line":9,"column":109}},"11":{"start":{"line":9,"column":79},"end":{"line":9,"column":109}},"12":{"start":{"line":11,"column":0},"end":{"line":11,"column":62}},"13":{"start":{"line":12,"column":0},"end":{"line":12,"column":38}},"14":{"start":{"line":13,"column":0},"end":{"line":13,"column":38}},"15":{"start":{"line":14,"column":0},"end":{"line":14,"column":46}},"16":{"start":{"line":15,"column":0},"end":{"line":31,"column":5}},"17":{"start":{"line":16,"column":4},"end":{"line":18,"column":5}},"18":{"start":{"line":17,"column":8},"end":{"line":17,"column":25}},"19":{"start":{"line":19,"column":4},"end":{"line":23,"column":6}},"20":{"start":{"line":20,"column":8},"end":{"line":22,"column":37}},"21":{"start":{"line":21,"column":34},"end":{"line":21,"column":52}},"22":{"start":{"line":24,"column":4},"end":{"line":29,"column":6}},"23":{"start":{"line":25,"column":8},"end":{"line":26,"column":84}},"24":{"start":{"line":27,"column":8},"end":{"line":27,"column":30}},"25":{"start":{"line":28,"column":8},"end":{"line":28,"column":53}},"26":{"start":{"line":30,"column":4},"end":{"line":30,"column":27}},"27":{"start":{"line":32,"column":0},"end":{"line":35,"column":20}},"28":{"start":{"line":36,"column":0},"end":{"line":36,"column":42}}},"branchMap":{"1":{"line":2,"type":"binary-expr","locations":[{"start":{"line":2,"column":18},"end":{"line":2,"column":22}},{"start":{"line":2,"column":26},"end":{"line":2,"column":41}},{"start":{"line":2,"column":46},"end":{"line":7,"column":1}}]},"2":{"line":3,"type":"cond-expr","locations":[{"start":{"line":3,"column":42},"end":{"line":3,"column":48}},{"start":{"line":3,"column":51},"end":{"line":3,"column":125}}]},"3":{"line":3,"type":"cond-expr","locations":[{"start":{"line":3,"column":67},"end":{"line":3,"column":118}},{"start":{"line":3,"column":121},"end":{"line":3,"column":125}}]},"4":{"line":4,"type":"if","locations":[{"start":{"line":4,"column":4},"end":{"line":4,"column":4}},{"start":{"line":4,"column":4},"end":{"line":4,"column":4}}]},"5":{"line":4,"type":"binary-expr","locations":[{"start":{"line":4,"column":8},"end":{"line":4,"column":35}},{"start":{"line":4,"column":39},"end":{"line":4,"column":77}}]},"6":{"line":5,"type":"if","locations":[{"start":{"line":5,"column":58},"end":{"line":5,"column":58}},{"start":{"line":5,"column":58},"end":{"line":5,"column":58}}]},"7":{"line":5,"type":"binary-expr","locations":[{"start":{"line":5,"column":86},"end":{"line":5,"column":143}},{"start":{"line":5,"column":148},"end":{"line":5,"column":149}}]},"8":{"line":5,"type":"cond-expr","locations":[{"start":{"line":5,"column":94},"end":{"line":5,"column":98}},{"start":{"line":5,"column":101},"end":{"line":5,"column":143}}]},"9":{"line":5,"type":"cond-expr","locations":[{"start":{"line":5,"column":109},"end":{"line":5,"column":126}},{"start":{"line":5,"column":129},"end":{"line":5,"column":143}}]},"10":{"line":6,"type":"binary-expr","locations":[{"start":{"line":6,"column":11},"end":{"line":6,"column":16}},{"start":{"line":6,"column":20},"end":{"line":6,"column":21}},{"start":{"line":6,"column":25},"end":{"line":6,"column":62}}]},"11":{"line":8,"type":"binary-expr","locations":[{"start":{"line":8,"column":18},"end":{"line":8,"column":22}},{"start":{"line":8,"column":26},"end":{"line":8,"column":41}},{"start":{"line":8,"column":46},"end":{"line":10,"column":1}}]},"12":{"line":9,"type":"if","locations":[{"start":{"line":9,"column":4},"end":{"line":9,"column":4}},{"start":{"line":9,"column":4},"end":{"line":9,"column":4}}]},"13":{"line":9,"type":"binary-expr","locations":[{"start":{"line":9,"column":8},"end":{"line":9,"column":35}},{"start":{"line":9,"column":39},"end":{"line":9,"column":77}}]},"14":{"line":25,"type":"cond-expr","locations":[{"start":{"line":25,"column":39},"end":{"line":25,"column":52}},{"start":{"line":26,"column":12},"end":{"line":26,"column":83}}]},"15":{"line":26,"type":"cond-expr","locations":[{"start":{"line":26,"column":27},"end":{"line":26,"column":66}},{"start":{"line":26,"column":69},"end":{"line":26,"column":83}}]}},"l":{"2":1,"3":1,"4":1,"5":2,"6":1,"8":1,"9":1,"11":1,"12":1,"13":1,"14":1,"15":1,"16":1,"17":2,"19":1,"20":2,"21":1,"24":1,"25":0,"27":0,"28":0,"30":1,"32":1,"36":1}},
"/home/thailana/Documents/Projetos/testesApp/angular-seed-org/dist/dev/app/app.component.js":{"path":"/home/thailana/Documents/Projetos/testesApp/angular-seed-org/dist/dev/app/app.component.js","s":{"1":1,"2":1,"3":1,"4":0,"5":1,"6":2,"7":2,"8":1,"9":1,"10":1,"11":1,"12":1,"13":1,"14":1,"15":1,"16":1,"17":1,"18":1,"19":1,"20":1,"21":1},"b":{"1":[1,1,1],"2":[1,0],"3":[0,0],"4":[0,1],"5":[1,1],"6":[2,0],"7":[2,1],"8":[2,0],"9":[0,0],"10":[1,0,0],"11":[1,1,1],"12":[1,0],"13":[1,1]},"f":{"1":1,"2":1,"3":1,"4":1},"fnMap":{"1":{"name":"(anonymous_1)","line":2,"loc":{"start":{"line":2,"column":46},"end":{"line":2,"column":87}}},"2":{"name":"(anonymous_2)","line":8,"loc":{"start":{"line":8,"column":46},"end":{"line":8,"column":62}}},"3":{"name":"(anonymous_3)","line":15,"loc":{"start":{"line":15,"column":20},"end":{"line":15,"column":32}}},"4":{"name":"AppComponent","line":16,"loc":{"start":{"line":16,"column":4},"end":{"line":16,"column":28}}}},"statementMap":{"1":{"start":{"line":2,"column":0},"end":{"line":7,"column":2}},"2":{"start":{"line":3,"column":4},"end":{"line":3,"column":129}},"3":{"start":{"line":4,"column":4},"end":{"line":5,"column":150}},"4":{"start":{"line":4,"column":79},"end":{"line":4,"column":131}},"5":{"start":{"line":5,"column":9},"end":{"line":5,"column":150}},"6":{"start":{"line":5,"column":58},"end":{"line":5,"column":150}},"7":{"start":{"line":5,"column":81},"end":{"line":5,"column":150}},"8":{"start":{"line":6,"column":4},"end":{"line":6,"column":66}},"9":{"start":{"line":8,"column":0},"end":{"line":10,"column":2}},"10":{"start":{"line":9,"column":4},"end":{"line":9,"column":109}},"11":{"start":{"line":9,"column":79},"end":{"line":9,"column":109}},"12":{"start":{"line":11,"column":0},"end":{"line":11,"column":62}},"13":{"start":{"line":12,"column":0},"end":{"line":12,"column":38}},"14":{"start":{"line":13,"column":0},"end":{"line":13,"column":57}},"15":{"start":{"line":14,"column":0},"end":{"line":14,"column":23}},"16":{"start":{"line":15,"column":0},"end":{"line":20,"column":5}},"17":{"start":{"line":16,"column":4},"end":{"line":18,"column":5}},"18":{"start":{"line":17,"column":8},"end":{"line":17,"column":63}},"19":{"start":{"line":19,"column":4},"end":{"line":19,"column":24}},"20":{"start":{"line":21,"column":0},"end":{"line":29,"column":17}},"21":{"start":{"line":30,"column":0},"end":{"line":30,"column":36}}},"branchMap":{"1":{"line":2,"type":"binary-expr","locations":[{"start":{"line":2,"column":18},"end":{"line":2,"column":22}},{"start":{"line":2,"column":26},"end":{"line":2,"column":41}},{"start":{"line":2,"column":46},"end":{"line":7,"column":1}}]},"2":{"line":3,"type":"cond-expr","locations":[{"start":{"line":3,"column":42},"end":{"line":3,"column":48}},{"start":{"line":3,"column":51},"end":{"line":3,"column":125}}]},"3":{"line":3,"type":"cond-expr","locations":[{"start":{"line":3,"column":67},"end":{"line":3,"column":118}},{"start":{"line":3,"column":121},"end":{"line":3,"column":125}}]},"4":{"line":4,"type":"if","locations":[{"start":{"line":4,"column":4},"end":{"line":4,"column":4}},{"start":{"line":4,"column":4},"end":{"line":4,"column":4}}]},"5":{"line":4,"type":"binary-expr","locations":[{"start":{"line":4,"column":8},"end":{"line":4,"column":35}},{"start":{"line":4,"column":39},"end":{"line":4,"column":77}}]},"6":{"line":5,"type":"if","locations":[{"start":{"line":5,"column":58},"end":{"line":5,"column":58}},{"start":{"line":5,"column":58},"end":{"line":5,"column":58}}]},"7":{"line":5,"type":"binary-expr","locations":[{"start":{"line":5,"column":86},"end":{"line":5,"column":143}},{"start":{"line":5,"column":148},"end":{"line":5,"column":149}}]},"8":{"line":5,"type":"cond-expr","locations":[{"start":{"line":5,"column":94},"end":{"line":5,"column":98}},{"start":{"line":5,"column":101},"end":{"line":5,"column":143}}]},"9":{"line":5,"type":"cond-expr","locations":[{"start":{"line":5,"column":109},"end":{"line":5,"column":126}},{"start":{"line":5,"column":129},"end":{"line":5,"column":143}}]},"10":{"line":6,"type":"binary-expr","locations":[{"start":{"line":6,"column":11},"end":{"line":6,"column":16}},{"start":{"line":6,"column":20},"end":{"line":6,"column":21}},{"start":{"line":6,"column":25},"end":{"line":6,"column":62}}]},"11":{"line":8,"type":"binary-expr","locations":[{"start":{"line":8,"column":18},"end":{"line":8,"column":22}},{"start":{"line":8,"column":26},"end":{"line":8,"column":41}},{"start":{"line":8,"column":46},"end":{"line":10,"column":1}}]},"12":{"line":9,"type":"if","locations":[{"start":{"line":9,"column":4},"end":{"line":9,"column":4}},{"start":{"line":9,"column":4},"end":{"line":9,"column":4}}]},"13":{"line":9,"type":"binary-expr","locations":[{"start":{"line":9,"column":8},"end":{"line":9,"column":35}},{"start":{"line":9,"column":39},"end":{"line":9,"column":77}}]}},"l":{"2":1,"3":1,"4":1,"5":2,"6":1,"8":1,"9":1,"11":1,"12":1,"13":1,"14":1,"15":1,"16":1,"17":1,"19":1,"21":1,"30":1}},
"/home/thailana/Documents/Projetos/testesApp/angular-seed-org/dist/dev/app/shared/config/env.config.js":{"path":"/home/thailana/Documents/Projetos/testesApp/angular-seed-org/dist/dev/app/shared/config/env.config.js","s":{"1":1,"2":1},"b":{},"f":{},"fnMap":{},"statementMap":{"1":{"start":{"line":2,"column":0},"end":{"line":2,"column":62}},"2":{"start":{"line":3,"column":0},"end":{"line":3,"column":70}}},"branchMap":{},"l":{"2":1,"3":1}},
"/home/thailana/Documents/Projetos/testesApp/angular-seed-org/dist/dev/app/operators.js":{"path":"/home/thailana/Documents/Projetos/testesApp/angular-seed-org/dist/dev/app/operators.js","s":{"1":1,"2":1,"3":1,"4":1},"b":{},"f":{},"fnMap":{},"statementMap":{"1":{"start":{"line":2,"column":0},"end":{"line":2,"column":62}},"2":{"start":{"line":3,"column":0},"end":{"line":3,"column":37}},"3":{"start":{"line":4,"column":0},"end":{"line":4,"column":33}},"4":{"start":{"line":5,"column":0},"end":{"line":5,"column":35}}},"branchMap":{},"l":{"2":1,"3":1,"4":1,"5":1}},
"/home/thailana/Documents/Projetos/testesApp/angular-seed-org/dist/dev/app/shared/toolbar/toolbar.component.js":{"path":"/home/thailana/Documents/Projetos/testesApp/angular-seed-org/dist/dev/app/shared/toolbar/toolbar.component.js","s":{"1":1,"2":1,"3":1,"4":0,"5":1,"6":1,"7":1,"8":1,"9":1,"10":1,"11":1,"12":1,"13":1,"14":1,"15":1},"b":{"1":[1,1,1],"2":[1,0],"3":[0,0],"4":[0,1],"5":[1,1],"6":[1,0],"7":[1,0],"8":[1,0],"9":[0,0],"10":[1,0,0]},"f":{"1":1,"2":1,"3":1},"fnMap":{"1":{"name":"(anonymous_1)","line":2,"loc":{"start":{"line":2,"column":46},"end":{"line":2,"column":87}}},"2":{"name":"(anonymous_2)","line":10,"loc":{"start":{"line":10,"column":24},"end":{"line":10,"column":36}}},"3":{"name":"ToolbarComponent","line":11,"loc":{"start":{"line":11,"column":4},"end":{"line":11,"column":32}}}},"statementMap":{"1":{"start":{"line":2,"column":0},"end":{"line":7,"column":2}},"2":{"start":{"line":3,"column":4},"end":{"line":3,"column":129}},"3":{"start":{"line":4,"column":4},"end":{"line":5,"column":150}},"4":{"start":{"line":4,"column":79},"end":{"line":4,"column":131}},"5":{"start":{"line":5,"column":9},"end":{"line":5,"column":150}},"6":{"start":{"line":5,"column":58},"end":{"line":5,"column":150}},"7":{"start":{"line":5,"column":81},"end":{"line":5,"column":150}},"8":{"start":{"line":6,"column":4},"end":{"line":6,"column":66}},"9":{"start":{"line":8,"column":0},"end":{"line":8,"column":62}},"10":{"start":{"line":9,"column":0},"end":{"line":9,"column":38}},"11":{"start":{"line":10,"column":0},"end":{"line":14,"column":5}},"12":{"start":{"line":11,"column":4},"end":{"line":12,"column":5}},"13":{"start":{"line":13,"column":4},"end":{"line":13,"column":28}},"14":{"start":{"line":15,"column":0},"end":{"line":22,"column":21}},"15":{"start":{"line":23,"column":0},"end":{"line":23,"column":44}}},"branchMap":{"1":{"line":2,"type":"binary-expr","locations":[{"start":{"line":2,"column":18},"end":{"line":2,"column":22}},{"start":{"line":2,"column":26},"end":{"line":2,"column":41}},{"start":{"line":2,"column":46},"end":{"line":7,"column":1}}]},"2":{"line":3,"type":"cond-expr","locations":[{"start":{"line":3,"column":42},"end":{"line":3,"column":48}},{"start":{"line":3,"column":51},"end":{"line":3,"column":125}}]},"3":{"line":3,"type":"cond-expr","locations":[{"start":{"line":3,"column":67},"end":{"line":3,"column":118}},{"start":{"line":3,"column":121},"end":{"line":3,"column":125}}]},"4":{"line":4,"type":"if","locations":[{"start":{"line":4,"column":4},"end":{"line":4,"column":4}},{"start":{"line":4,"column":4},"end":{"line":4,"column":4}}]},"5":{"line":4,"type":"binary-expr","locations":[{"start":{"line":4,"column":8},"end":{"line":4,"column":35}},{"start":{"line":4,"column":39},"end":{"line":4,"column":77}}]},"6":{"line":5,"type":"if","locations":[{"start":{"line":5,"column":58},"end":{"line":5,"column":58}},{"start":{"line":5,"column":58},"end":{"line":5,"column":58}}]},"7":{"line":5,"type":"binary-expr","locations":[{"start":{"line":5,"column":86},"end":{"line":5,"column":143}},{"start":{"line":5,"column":148},"end":{"line":5,"column":149}}]},"8":{"line":5,"type":"cond-expr","locations":[{"start":{"line":5,"column":94},"end":{"line":5,"column":98}},{"start":{"line":5,"column":101},"end":{"line":5,"column":143}}]},"9":{"line":5,"type":"cond-expr","locations":[{"start":{"line":5,"column":109},"end":{"line":5,"column":126}},{"start":{"line":5,"column":129},"end":{"line":5,"column":143}}]},"10":{"line":6,"type":"binary-expr","locations":[{"start":{"line":6,"column":11},"end":{"line":6,"column":16}},{"start":{"line":6,"column":20},"end":{"line":6,"column":21}},{"start":{"line":6,"column":25},"end":{"line":6,"column":62}}]}},"l":{"2":1,"3":1,"4":1,"5":1,"6":1,"8":1,"9":1,"10":1,"11":1,"13":1,"15":1,"23":1}},
"/home/thailana/Documents/Projetos/testesApp/angular-seed-org/dist/dev/app/shared/navbar/navbar.component.js":{"path":"/home/thailana/Documents/Projetos/testesApp/angular-seed-org/dist/dev/app/shared/navbar/navbar.component.js","s":{"1":1,"2":1,"3":1,"4":0,"5":1,"6":2,"7":2,"8":1,"9":1,"10":1,"11":1,"12":1,"13":1,"14":1,"15":1,"16":1,"17":0,"18":0,"19":1,"20":1,"21":1},"b":{"1":[1,1,1],"2":[1,0],"3":[0,0],"4":[0,1],"5":[1,1],"6":[2,0],"7":[2,1],"8":[2,0],"9":[0,0],"10":[1,0,0],"11":[1,1,1],"12":[1,0],"13":[1,1]},"f":{"1":1,"2":1,"3":1,"4":0},"fnMap":{"1":{"name":"(anonymous_1)","line":2,"loc":{"start":{"line":2,"column":46},"end":{"line":2,"column":87}}},"2":{"name":"(anonymous_2)","line":8,"loc":{"start":{"line":8,"column":46},"end":{"line":8,"column":62}}},"3":{"name":"(anonymous_3)","line":14,"loc":{"start":{"line":14,"column":23},"end":{"line":14,"column":35}}},"4":{"name":"NavbarComponent","line":15,"loc":{"start":{"line":15,"column":4},"end":{"line":15,"column":42}}}},"statementMap":{"1":{"start":{"line":2,"column":0},"end":{"line":7,"column":2}},"2":{"start":{"line":3,"column":4},"end":{"line":3,"column":129}},"3":{"start":{"line":4,"column":4},"end":{"line":5,"column":150}},"4":{"start":{"line":4,"column":79},"end":{"line":4,"column":131}},"5":{"start":{"line":5,"column":9},"end":{"line":5,"column":150}},"6":{"start":{"line":5,"column":58},"end":{"line":5,"column":150}},"7":{"start":{"line":5,"column":81},"end":{"line":5,"column":150}},"8":{"start":{"line":6,"column":4},"end":{"line":6,"column":66}},"9":{"start":{"line":8,"column":0},"end":{"line":10,"column":2}},"10":{"start":{"line":9,"column":4},"end":{"line":9,"column":109}},"11":{"start":{"line":9,"column":79},"end":{"line":9,"column":109}},"12":{"start":{"line":11,"column":0},"end":{"line":11,"column":62}},"13":{"start":{"line":12,"column":0},"end":{"line":12,"column":38}},"14":{"start":{"line":13,"column":0},"end":{"line":13,"column":56}},"15":{"start":{"line":14,"column":0},"end":{"line":20,"column":5}},"16":{"start":{"line":15,"column":4},"end":{"line":18,"column":5}},"17":{"start":{"line":16,"column":8},"end":{"line":16,"column":39}},"18":{"start":{"line":17,"column":8},"end":{"line":17,"column":75}},"19":{"start":{"line":19,"column":4},"end":{"line":19,"column":27}},"20":{"start":{"line":21,"column":0},"end":{"line":29,"column":20}},"21":{"start":{"line":30,"column":0},"end":{"line":30,"column":42}}},"branchMap":{"1":{"line":2,"type":"binary-expr","locations":[{"start":{"line":2,"column":18},"end":{"line":2,"column":22}},{"start":{"line":2,"column":26},"end":{"line":2,"column":41}},{"start":{"line":2,"column":46},"end":{"line":7,"column":1}}]},"2":{"line":3,"type":"cond-expr","locations":[{"start":{"line":3,"column":42},"end":{"line":3,"column":48}},{"start":{"line":3,"column":51},"end":{"line":3,"column":125}}]},"3":{"line":3,"type":"cond-expr","locations":[{"start":{"line":3,"column":67},"end":{"line":3,"column":118}},{"start":{"line":3,"column":121},"end":{"line":3,"column":125}}]},"4":{"line":4,"type":"if","locations":[{"start":{"line":4,"column":4},"end":{"line":4,"column":4}},{"start":{"line":4,"column":4},"end":{"line":4,"column":4}}]},"5":{"line":4,"type":"binary-expr","locations":[{"start":{"line":4,"column":8},"end":{"line":4,"column":35}},{"start":{"line":4,"column":39},"end":{"line":4,"column":77}}]},"6":{"line":5,"type":"if","locations":[{"start":{"line":5,"column":58},"end":{"line":5,"column":58}},{"start":{"line":5,"column":58},"end":{"line":5,"column":58}}]},"7":{"line":5,"type":"binary-expr","locations":[{"start":{"line":5,"column":86},"end":{"line":5,"column":143}},{"start":{"line":5,"column":148},"end":{"line":5,"column":149}}]},"8":{"line":5,"type":"cond-expr","locations":[{"start":{"line":5,"column":94},"end":{"line":5,"column":98}},{"start":{"line":5,"column":101},"end":{"line":5,"column":143}}]},"9":{"line":5,"type":"cond-expr","locations":[{"start":{"line":5,"column":109},"end":{"line":5,"column":126}},{"start":{"line":5,"column":129},"end":{"line":5,"column":143}}]},"10":{"line":6,"type":"binary-expr","locations":[{"start":{"line":6,"column":11},"end":{"line":6,"column":16}},{"start":{"line":6,"column":20},"end":{"line":6,"column":21}},{"start":{"line":6,"column":25},"end":{"line":6,"column":62}}]},"11":{"line":8,"type":"binary-expr","locations":[{"start":{"line":8,"column":18},"end":{"line":8,"column":22}},{"start":{"line":8,"column":26},"end":{"line":8,"column":41}},{"start":{"line":8,"column":46},"end":{"line":10,"column":1}}]},"12":{"line":9,"type":"if","locations":[{"start":{"line":9,"column":4},"end":{"line":9,"column":4}},{"start":{"line":9,"column":4},"end":{"line":9,"column":4}}]},"13":{"line":9,"type":"binary-expr","locations":[{"start":{"line":9,"column":8},"end":{"line":9,"column":35}},{"start":{"line":9,"column":39},"end":{"line":9,"column":77}}]}},"l":{"2":1,"3":1,"4":1,"5":2,"6":1,"8":1,"9":1,"11":1,"12":1,"13":1,"14":1,"15":1,"16":0,"17":0,"19":1,"21":1,"30":1}}}
